Not Found: /favicon.ico
Attempting to bulk create 0 attendees.
Successfully created 0 attendees.
Total emails to send: 0
Queued 0 invitation emails.
Task exhibitor.tasks.process_invitations_batch[ea04c0da-f3e7-475c-a9ff-1874dc067747] succeeded in 0.011700100032612681s: None
D:\Django New Projects\event_exhibitor\event_exhibitor\exhibitor\tasks.py changed, reloading.
Watching for file changes with StatReloader
D:\Django New Projects\event_exhibitor\event_exhibitor\exhibitor\tasks.py changed, reloading.
Watching for file changes with StatReloader
D:\Django New Projects\event_exhibitor\event_exhibitor\exhibitor\tasks.py changed, reloading.
Watching for file changes with StatReloader
D:\Django New Projects\event_exhibitor\event_exhibitor\exhibitor\tasks.py changed, reloading.
Watching for file changes with StatReloader
Not Found: /favicon.ico
Attempting to bulk create 0 attendees.
Successfully created 0 attendees.
Total emails to send: 2
Attempting to send invitation email to abhinandveuz@gmail.com
Successfully sent invitation email to abhinandveuz@gmail.com
Task exhibitor.tasks.send_invite_email[4e96b6a1-4cbb-4d7c-97a0-bde42984ea4e] succeeded in 3.8279511000728235s: None
Attempting to send invitation email to abhinandtk69@gmail.com
Successfully sent invitation email to abhinandtk69@gmail.com
Task exhibitor.tasks.send_invite_email[1713ff18-e370-4ed1-afb0-0d8c8c76e9f1] succeeded in 3.756379700032994s: None
Queued 2 invitation emails.
Task exhibitor.tasks.process_invitations_batch[b705a0e2-71a0-40d9-ae7e-b72ecb9203d3] succeeded in 7.591162999975495s: None
Not Found: /.well-known/appspecific/com.chrome.devtools.json
D:\Django New Projects\event_exhibitor\event_exhibitor\exhibitor\views.py changed, reloading.
Watching for file changes with StatReloader
Not Found: /favicon.ico
Not Found: /favicon.ico
Not Found: /favicon.ico
Attempting to bulk create 0 attendees.
Successfully created 0 attendees.
Total emails to send: 2
Attempting to send invitation email to abhinandveuz@gmail.com
Successfully sent invitation email to abhinandveuz@gmail.com
Task exhibitor.tasks.send_invite_email[d111aa0e-fcdc-41eb-9bac-f00cc135f901] succeeded in 3.811059599975124s: None
Attempting to send invitation email to abhinandtk69@gmail.com
Successfully sent invitation email to abhinandtk69@gmail.com
Task exhibitor.tasks.send_invite_email[b7394422-d928-47bd-b3da-c57686a3a12d] succeeded in 3.6295610000379384s: None
Queued 2 invitation emails.
Task exhibitor.tasks.process_invitations_batch[e61b485c-4236-46dc-984a-46c1b1906c55] succeeded in 7.449618299957365s: None
Not Found: /favicon.ico
D:\Django New Projects\event_exhibitor\event_exhibitor\exhibitor\views.py changed, reloading.
Watching for file changes with StatReloader
D:\Django New Projects\event_exhibitor\event_exhibitor\exhibitor\views.py changed, reloading.
Watching for file changes with StatReloader
Not Found: /favicon.ico
Not Found: /favicon.ico
Not Found: /.well-known/appspecific/com.chrome.devtools.json
D:\Django New Projects\event_exhibitor\event_exhibitor\exhibitor\views.py changed, reloading.
Watching for file changes with StatReloader
Not Found: /favicon.ico
Not Found: /favicon.ico
Not Found: /favicon.ico
Not Found: /favicon.ico
Not Found: /favicon.ico
Not Found: /favicon.ico
Attempting to bulk create 0 attendees.
Successfully created 0 attendees.
Total emails to send: 1
Attempting to send invitation email to abhinandveuz@gmail.com
Successfully sent invitation email to abhinandveuz@gmail.com
Task exhibitor.tasks.send_invite_email[9de7f667-569d-4664-928a-7633309c6152] succeeded in 5.410432000062428s: None
Queued 1 invitation emails.
Task exhibitor.tasks.process_invitations_batch[683eb73d-d4ff-4a80-88e2-9bc0d1c788d9] succeeded in 5.473504300112836s: None
Attempting to bulk create 0 attendees.
Successfully created 0 attendees.
Total emails to send: 1
Attempting to send invitation email to abhinandveuz@gmail.com
Successfully sent invitation email to abhinandveuz@gmail.com
Task exhibitor.tasks.send_invite_email[8b6288bb-fcd8-406b-92c4-46a6e29192b9] succeeded in 4.271081699989736s: None
Queued 1 invitation emails.
Task exhibitor.tasks.process_invitations_batch[6068ee0b-b2fc-42dc-96d2-2577a0045bc9] succeeded in 4.280485900002532s: None
D:\Django New Projects\event_exhibitor\event_exhibitor\exhibitor\tasks.py changed, reloading.
Watching for file changes with StatReloader
D:\Django New Projects\event_exhibitor\event_exhibitor\exhibitor\tasks.py changed, reloading.
Watching for file changes with StatReloader
D:\Django New Projects\event_exhibitor\event_exhibitor\exhibitor\tasks.py changed, reloading.
Watching for file changes with StatReloader
D:\Django New Projects\event_exhibitor\event_exhibitor\exhibitor\tasks.py changed, reloading.
Watching for file changes with StatReloader
D:\Django New Projects\event_exhibitor\event_exhibitor\exhibitor\tasks.py changed, reloading.
Watching for file changes with StatReloader
D:\Django New Projects\event_exhibitor\event_exhibitor\exhibitor\tasks.py changed, reloading.
Watching for file changes with StatReloader
D:\Django New Projects\event_exhibitor\event_exhibitor\exhibitor\tasks.py changed, reloading.
Watching for file changes with StatReloader
D:\Django New Projects\event_exhibitor\event_exhibitor\exhibitor\tasks.py changed, reloading.
Watching for file changes with StatReloader
D:\Django New Projects\event_exhibitor\event_exhibitor\exhibitor\tasks.py changed, reloading.
Watching for file changes with StatReloader
D:\Django New Projects\event_exhibitor\event_exhibitor\exhibitor\tasks.py changed, reloading.
Watching for file changes with StatReloader
D:\Django New Projects\event_exhibitor\event_exhibitor\exhibitor\tasks.py changed, reloading.
Watching for file changes with StatReloader
Not Found: /favicon.ico
Attempting to bulk create 0 attendees.
Successfully created 0 attendees.
Total emails to send: 1
Attempting to send invitation email to abhinandveuz@gmail.com
Successfully sent invitation email to abhinandveuz@gmail.com
Task exhibitor.tasks.send_invite_email[960f9bfe-e5fb-4384-a21c-fe96b656c32b] succeeded in 6.917276400025003s: None
Queued 1 invitation emails.
Task exhibitor.tasks.process_invitations_batch[0ba8d9e2-cb93-4b88-b363-cb2cb57ae636] succeeded in 6.927103800000623s: None
Not Found: /favicon.ico
Attempting to bulk create 0 attendees.
Successfully created 0 attendees.
Total emails to send: 1
Attempting to send invitation email to abhinandveuz@gmail.com
Successfully sent invitation email to abhinandveuz@gmail.com
Task exhibitor.tasks.send_invite_email[5497c388-a9b7-4217-90f3-ea9b534cbd55] succeeded in 4.399967400007881s: None
Queued 1 invitation emails.
Task exhibitor.tasks.process_invitations_batch[31435fe1-4a94-4789-8233-9b530df8b7f8] succeeded in 4.408978199935518s: None
Not Found: /favicon.ico
Attempting to bulk create 0 attendees.
Successfully created 0 attendees.
Total emails to send: 1
Attempting to send invitation email to abhinandtk69@gmail.com
Successfully sent invitation email to abhinandtk69@gmail.com
Task exhibitor.tasks.send_invite_email[c76201d3-f087-44e6-be4d-228732227fdc] succeeded in 4.594203199958429s: None
Queued 1 invitation emails.
Task exhibitor.tasks.process_invitations_batch[df77aeff-47ef-40c4-9d6f-ad4bbb7e7863] succeeded in 4.603935700026341s: None
Task exhibitor.tasks.process_invitations_batch[fef4de3a-d308-4625-8a75-da61f42869f4] raised unexpected: TypeError("Attendee() got unexpected keyword arguments: 'ticket_type'")
Traceback (most recent call last):
  File "D:\Django New Projects\event_exhibitor\venv\Lib\site-packages\celery\app\trace.py", line 585, in trace_task
    R = retval = fun(*args, **kwargs)
                 ~~~^^^^^^^^^^^^^^^^^
  File "D:\Django New Projects\event_exhibitor\event_exhibitor\exhibitor\tasks.py", line 227, in process_invitations_batch
    to_create.append(Attendee(
                     ~~~~~~~~^
        event=event,
        ^^^^^^^^^^^^
    ...<5 lines>...
        status=Attendee.Status.INVITED
        ^^^^^^^^^^^^^^^^^^^^^^^^^^^^^^
    ))
    ^
  File "D:\Django New Projects\event_exhibitor\venv\Lib\site-packages\django\db\models\base.py", line 590, in __init__
    raise TypeError(
    ...<2 lines>...
    )
TypeError: Attendee() got unexpected keyword arguments: 'ticket_type'
Not Found: /favicon.ico
Task exhibitor.tasks.process_invitations_batch[85521892-8d11-4349-8039-48da186e3373] raised unexpected: TypeError("Attendee() got unexpected keyword arguments: 'ticket_type'")
Traceback (most recent call last):
  File "D:\Django New Projects\event_exhibitor\venv\Lib\site-packages\celery\app\trace.py", line 585, in trace_task
    R = retval = fun(*args, **kwargs)
                 ~~~^^^^^^^^^^^^^^^^^
  File "D:\Django New Projects\event_exhibitor\event_exhibitor\exhibitor\tasks.py", line 227, in process_invitations_batch
    to_create.append(Attendee(
                     ~~~~~~~~^
        event=event,
        ^^^^^^^^^^^^
    ...<5 lines>...
        status=Attendee.Status.INVITED
        ^^^^^^^^^^^^^^^^^^^^^^^^^^^^^^
    ))
    ^
  File "D:\Django New Projects\event_exhibitor\venv\Lib\site-packages\django\db\models\base.py", line 590, in __init__
    raise TypeError(
    ...<2 lines>...
    )
TypeError: Attendee() got unexpected keyword arguments: 'ticket_type'
Not Found: /favicon.ico
Not Found: /favicon.ico
Not Found: /favicon.ico
D:\Django New Projects\event_exhibitor\event_exhibitor\exhibitor\tasks.py changed, reloading.
Watching for file changes with StatReloader
Not Found: /register/088925b4-549d-4793-a81b-2a764af5b36e/
Not Found: /register/088925b4-549d-4793-a81b-2a764af5b36e/
Not Found: /favicon.ico
Attempting to bulk create 1 attendees.
Successfully created 1 attendees.
Total emails to send: 1
Attempting to send invitation email to abhinandveuz@gmail.com
Successfully sent invitation email to abhinandveuz@gmail.com
Task exhibitor.tasks.send_invite_email[cefe9f08-b1b8-4ba5-8b41-491ead2e00c0] succeeded in 4.57640340004582s: None
Queued 1 invitation emails.
Task exhibitor.tasks.process_invitations_batch[20dd3f21-0099-40d8-bfdd-204d3c3416ad] succeeded in 4.633280299953185s: None
D:\Django New Projects\event_exhibitor\event_exhibitor\exhibitor\views.py changed, reloading.
Watching for file changes with StatReloader
D:\Django New Projects\event_exhibitor\event_exhibitor\exhibitor\views.py changed, reloading.
Watching for file changes with StatReloader
Bad Request: /badge/create/
Bad Request: /badge/create/
Watching for file changes with StatReloader
Watching for file changes with StatReloader
Not Found: /favicon.ico
Not Found: /favicon.ico
Not Found: /favicon.ico
Not Found: /favicon.ico
Not Found: /.well-known/appspecific/com.chrome.devtools.json
Not Found: /.well-known/appspecific/com.chrome.devtools.json
Not Found: /.well-known/appspecific/com.chrome.devtools.json
Not Found: /favicon.ico
Not Found: /.well-known/appspecific/com.chrome.devtools.json
Not Found: /favicon.ico
Not Found: /.well-known/appspecific/com.chrome.devtools.json
Not Found: /favicon.ico
Not Found: /.well-known/appspecific/com.chrome.devtools.json
Not Found: /favicon.ico
Not Found: /favicon.ico
Not Found: /favicon.ico
Not Found: /favicon.ico
Not Found: /.well-known/appspecific/com.chrome.devtools.json
Internal Server Error: /badge/create/
Not Found: /favicon.ico
Not Found: /favicon.ico
Not Found: /favicon.ico
Bad Request: /badge/create/
Not Found: /favicon.ico
Bad Request: /badge/create/
Internal Server Error: /badge/create/
Not Found: /favicon.ico
Not Found: /favicon.ico
Not Found: /.well-known/appspecific/com.chrome.devtools.json
Bad Request: /badge/create/
Not Found: /.well-known/appspecific/com.chrome.devtools.json
Not Found: /favicon.ico
Bad Request: /badge/create/
Bad Request: /badge/create/
Bad Request: /badge/create/
Bad Request: /badge/create/
Bad Request: /badge/create/
Bad Request: /badge/create/
Bad Request: /badge/create/
Bad Request: /badge/create/
Bad Request: /badge/create/
Bad Request: /badge/create/
Bad Request: /badge/create/
Bad Request: /badge/create/
Bad Request: /badge/create/
Bad Request: /badge/create/
Bad Request: /badge/create/
Bad Request: /badge/create/
Bad Request: /badge/create/
Bad Request: /badge/create/
Bad Request: /badge/create/
Bad Request: /badge/create/
Bad Request: /badge/create/
Bad Request: /badge/create/
Bad Request: /badge/create/
Bad Request: /badge/create/
Bad Request: /badge/create/
Bad Request: /badge/create/
Bad Request: /badge/create/
Bad Request: /badge/create/
Bad Request: /badge/create/
Bad Request: /badge/create/
Bad Request: /badge/create/
Bad Request: /badge/create/
Bad Request: /badge/create/
Bad Request: /badge/create/
Bad Request: /badge/create/
Bad Request: /badge/create/
Bad Request: /badge/create/
Bad Request: /badge/create/
Bad Request: /badge/create/
Bad Request: /badge/create/
Bad Request: /badge/create/
Bad Request: /badge/create/
Bad Request: /badge/create/
Not Found: /favicon.ico
Not Found: /.well-known/appspecific/com.chrome.devtools.json
Bad Request: /badge/create/
Watching for file changes with StatReloader
Not Found: /.well-known/appspecific/com.chrome.devtools.json
Not Found: /.well-known/appspecific/com.chrome.devtools.json
Not Found: /.well-known/appspecific/com.chrome.devtools.json
Not Found: /favicon.ico
Bad Request: /badge/create/
Not Found: /.well-known/appspecific/com.chrome.devtools.json
Not Found: /favicon.ico
Not Found: /.well-known/appspecific/com.chrome.devtools.json
Not Found: /favicon.ico
Bad Request: /badge/create/
Not Found: /.well-known/appspecific/com.chrome.devtools.json
Not Found: /favicon.ico
Not Found: /.well-known/appspecific/com.chrome.devtools.json
Not Found: /favicon.ico
Bad Request: /badge/create/
Bad Request: /badge/create/
Bad Request: /badge/create/
Bad Request: /badge/create/
Not Found: /favicon.ico
Bad Request: /badge/create/
Not Found: /.well-known/appspecific/com.chrome.devtools.json
Not Found: /.well-known/appspecific/com.chrome.devtools.json
Not Found: /.well-known/appspecific/com.chrome.devtools.json
Not Found: /.well-known/appspecific/com.chrome.devtools.json
Not Found: /favicon.ico
Not Found: /favicon.ico
Not Found: /.well-known/appspecific/com.chrome.devtools.json
Bad Request: /badge/create/
Not Found: /.well-known/appspecific/com.chrome.devtools.json
Not Found: /.well-known/appspecific/com.chrome.devtools.json
Not Found: /favicon.ico
Not Found: /.well-known/appspecific/com.chrome.devtools.json
Not Found: /.well-known/appspecific/com.chrome.devtools.json
Not Found: /favicon.ico
Not Found: /.well-known/appspecific/com.chrome.devtools.json
Not Found: /favicon.ico
Not Found: /.well-known/appspecific/com.chrome.devtools.json
Not Found: /favicon.ico
Not Found: /.well-known/appspecific/com.chrome.devtools.json
Not Found: /favicon.ico
Not Found: /favicon.ico
Not Found: /favicon.ico
Not Found: /favicon.ico
Not Found: /favicon.ico
Task exhibitor.tasks.bulk_upload_save_task[46bf94b5-642f-48cd-84b3-41484838c2ea] succeeded in 0.063003099989146s: {'created': 2, 'skipped': 0, 'total_valid': 2}
Internal Server Error: /bulk-task-status/46bf94b5-642f-48cd-84b3-41484838c2ea/
Traceback (most recent call last):
  File "D:\Django New Projects\event_exhibitor\venv\Lib\site-packages\redis\connection.py", line 1003, in connect_check_health
    sock = self._connect()
  File "D:\Django New Projects\event_exhibitor\venv\Lib\site-packages\redis\connection.py", line 1515, in _connect
    raise err
  File "D:\Django New Projects\event_exhibitor\venv\Lib\site-packages\redis\connection.py", line 1499, in _connect
    sock.connect(socket_address)
    ~~~~~~~~~~~~^^^^^^^^^^^^^^^^
ConnectionRefusedError: [WinError 10061] No connection could be made because the target machine actively refused it

During handling of the above exception, another exception occurred:

Traceback (most recent call last):
  File "D:\Django New Projects\event_exhibitor\venv\Lib\site-packages\django\core\handlers\exception.py", line 55, in inner
    response = get_response(request)
  File "D:\Django New Projects\event_exhibitor\venv\Lib\site-packages\django\core\handlers\base.py", line 198, in _get_response
    response = wrapped_callback(request, *callback_args, **callback_kwargs)
  File "D:\Django New Projects\event_exhibitor\venv\Lib\site-packages\django\contrib\auth\decorators.py", line 59, in _view_wrapper
    return view_func(request, *args, **kwargs)
  File "D:\Django New Projects\event_exhibitor\event_exhibitor\exhibitor\views.py", line 521, in bulk_task_status
    if result.state == "PENDING":
       ^^^^^^^^^^^^
  File "D:\Django New Projects\event_exhibitor\venv\Lib\site-packages\celery\result.py", line 505, in state
    return self._get_task_meta()['status']
           ~~~~~~~~~~~~~~~~~~~^^
  File "D:\Django New Projects\event_exhibitor\venv\Lib\site-packages\celery\result.py", line 444, in _get_task_meta
    return self._maybe_set_cache(self.backend.get_task_meta(self.id))
                                 ~~~~~~~~~~~~~~~~~~~~~~~~~~^^^^^^^^^
  File "D:\Django New Projects\event_exhibitor\venv\Lib\site-packages\celery\backends\base.py", line 717, in get_task_meta
    meta = self._get_task_meta_for(task_id)
  File "D:\Django New Projects\event_exhibitor\venv\Lib\site-packages\celery\backends\base.py", line 1112, in _get_task_meta_for
    meta = self.get(self.get_key_for_task(task_id))
  File "D:\Django New Projects\event_exhibitor\venv\Lib\site-packages\celery\backends\redis.py", line 405, in get
    return self.client.get(key)
           ~~~~~~~~~~~~~~~^^^^^
  File "D:\Django New Projects\event_exhibitor\venv\Lib\site-packages\redis\commands\core.py", line 2073, in get
    return self.execute_command("GET", name, keys=[name])
           ~~~~~~~~~~~~~~~~~~~~^^^^^^^^^^^^^^^^^^^^^^^^^^
  File "D:\Django New Projects\event_exhibitor\venv\Lib\site-packages\redis\client.py", line 716, in execute_command
    return self._execute_command(*args, **options)
           ~~~~~~~~~~~~~~~~~~~~~^^^^^^^^^^^^^^^^^^
  File "D:\Django New Projects\event_exhibitor\venv\Lib\site-packages\redis\client.py", line 722, in _execute_command
    conn = self.connection or pool.get_connection()
                              ~~~~~~~~~~~~~~~~~~~^^
  File "D:\Django New Projects\event_exhibitor\venv\Lib\site-packages\redis\utils.py", line 236, in wrapper
    return func(*args, **kwargs)
  File "D:\Django New Projects\event_exhibitor\venv\Lib\site-packages\redis\connection.py", line 3041, in get_connection
    connection.connect()
    ~~~~~~~~~~~~~~~~~~^^
  File "D:\Django New Projects\event_exhibitor\venv\Lib\site-packages\redis\connection.py", line 976, in connect
    self.retry.call_with_retry(
    ~~~~~~~~~~~~~~~~~~~~~~~~~~^
        lambda: self.connect_check_health(
        ^^^^^^^^^^^^^^^^^^^^^^^^^^^^^^^^^^
    ...<2 lines>...
        lambda error: self.disconnect(error),
        ^^^^^^^^^^^^^^^^^^^^^^^^^^^^^^^^^^^^^
    )
    ^
  File "D:\Django New Projects\event_exhibitor\venv\Lib\site-packages\redis\retry.py", line 132, in call_with_retry
    raise error
  File "D:\Django New Projects\event_exhibitor\venv\Lib\site-packages\redis\retry.py", line 120, in call_with_retry
    return do()
  File "D:\Django New Projects\event_exhibitor\venv\Lib\site-packages\redis\connection.py", line 977, in <lambda>
    lambda: self.connect_check_health(
            ~~~~~~~~~~~~~~~~~~~~~~~~~^
        check_health=True, retry_socket_connect=False
        ^^^^^^^^^^^^^^^^^^^^^^^^^^^^^^^^^^^^^^^^^^^^^
    ),
    ^
  File "D:\Django New Projects\event_exhibitor\venv\Lib\site-packages\redis\connection.py", line 1025, in connect_check_health
    raise e
redis.exceptions.ConnectionError: Error 10061 connecting to 127.0.0.1:6379. No connection could be made because the target machine actively refused it.
Internal Server Error: /bulk-task-status/46bf94b5-642f-48cd-84b3-41484838c2ea/
Traceback (most recent call last):
  File "D:\Django New Projects\event_exhibitor\venv\Lib\site-packages\redis\connection.py", line 1003, in connect_check_health
    sock = self._connect()
  File "D:\Django New Projects\event_exhibitor\venv\Lib\site-packages\redis\connection.py", line 1515, in _connect
    raise err
  File "D:\Django New Projects\event_exhibitor\venv\Lib\site-packages\redis\connection.py", line 1499, in _connect
    sock.connect(socket_address)
    ~~~~~~~~~~~~^^^^^^^^^^^^^^^^
ConnectionRefusedError: [WinError 10061] No connection could be made because the target machine actively refused it

During handling of the above exception, another exception occurred:

Traceback (most recent call last):
  File "D:\Django New Projects\event_exhibitor\venv\Lib\site-packages\django\core\handlers\exception.py", line 55, in inner
    response = get_response(request)
  File "D:\Django New Projects\event_exhibitor\venv\Lib\site-packages\django\core\handlers\base.py", line 198, in _get_response
    response = wrapped_callback(request, *callback_args, **callback_kwargs)
  File "D:\Django New Projects\event_exhibitor\venv\Lib\site-packages\django\contrib\auth\decorators.py", line 59, in _view_wrapper
    return view_func(request, *args, **kwargs)
  File "D:\Django New Projects\event_exhibitor\event_exhibitor\exhibitor\views.py", line 521, in bulk_task_status
    if result.state == "PENDING":
       ^^^^^^^^^^^^
  File "D:\Django New Projects\event_exhibitor\venv\Lib\site-packages\celery\result.py", line 505, in state
    return self._get_task_meta()['status']
           ~~~~~~~~~~~~~~~~~~~^^
  File "D:\Django New Projects\event_exhibitor\venv\Lib\site-packages\celery\result.py", line 444, in _get_task_meta
    return self._maybe_set_cache(self.backend.get_task_meta(self.id))
                                 ~~~~~~~~~~~~~~~~~~~~~~~~~~^^^^^^^^^
  File "D:\Django New Projects\event_exhibitor\venv\Lib\site-packages\celery\backends\base.py", line 717, in get_task_meta
    meta = self._get_task_meta_for(task_id)
  File "D:\Django New Projects\event_exhibitor\venv\Lib\site-packages\celery\backends\base.py", line 1112, in _get_task_meta_for
    meta = self.get(self.get_key_for_task(task_id))
  File "D:\Django New Projects\event_exhibitor\venv\Lib\site-packages\celery\backends\redis.py", line 405, in get
    return self.client.get(key)
           ~~~~~~~~~~~~~~~^^^^^
  File "D:\Django New Projects\event_exhibitor\venv\Lib\site-packages\redis\commands\core.py", line 2073, in get
    return self.execute_command("GET", name, keys=[name])
           ~~~~~~~~~~~~~~~~~~~~^^^^^^^^^^^^^^^^^^^^^^^^^^
  File "D:\Django New Projects\event_exhibitor\venv\Lib\site-packages\redis\client.py", line 716, in execute_command
    return self._execute_command(*args, **options)
           ~~~~~~~~~~~~~~~~~~~~~^^^^^^^^^^^^^^^^^^
  File "D:\Django New Projects\event_exhibitor\venv\Lib\site-packages\redis\client.py", line 722, in _execute_command
    conn = self.connection or pool.get_connection()
                              ~~~~~~~~~~~~~~~~~~~^^
  File "D:\Django New Projects\event_exhibitor\venv\Lib\site-packages\redis\utils.py", line 236, in wrapper
    return func(*args, **kwargs)
  File "D:\Django New Projects\event_exhibitor\venv\Lib\site-packages\redis\connection.py", line 3041, in get_connection
    connection.connect()
    ~~~~~~~~~~~~~~~~~~^^
  File "D:\Django New Projects\event_exhibitor\venv\Lib\site-packages\redis\connection.py", line 976, in connect
    self.retry.call_with_retry(
    ~~~~~~~~~~~~~~~~~~~~~~~~~~^
        lambda: self.connect_check_health(
        ^^^^^^^^^^^^^^^^^^^^^^^^^^^^^^^^^^
    ...<2 lines>...
        lambda error: self.disconnect(error),
        ^^^^^^^^^^^^^^^^^^^^^^^^^^^^^^^^^^^^^
    )
    ^
  File "D:\Django New Projects\event_exhibitor\venv\Lib\site-packages\redis\retry.py", line 132, in call_with_retry
    raise error
  File "D:\Django New Projects\event_exhibitor\venv\Lib\site-packages\redis\retry.py", line 120, in call_with_retry
    return do()
  File "D:\Django New Projects\event_exhibitor\venv\Lib\site-packages\redis\connection.py", line 977, in <lambda>
    lambda: self.connect_check_health(
            ~~~~~~~~~~~~~~~~~~~~~~~~~^
        check_health=True, retry_socket_connect=False
        ^^^^^^^^^^^^^^^^^^^^^^^^^^^^^^^^^^^^^^^^^^^^^
    ),
    ^
  File "D:\Django New Projects\event_exhibitor\venv\Lib\site-packages\redis\connection.py", line 1025, in connect_check_health
    raise e
redis.exceptions.ConnectionError: Error 10061 connecting to 127.0.0.1:6379. No connection could be made because the target machine actively refused it.
Row skipped — Email already exists in database | email=avsa.white0@example.com | row={'first_name': 'Ava', 'last_name': 'White', 'email': 'avsa.white0@example.com', 'mobile_number': '8459976947', 'country': 'Germany', 'nationality': 'Afghan', 'company_name': 'NextGen', 'job_title': 'Engineer', 'ticket_type': 'VIP', 'accepted_terms': True, 'accepted_data_sharing': False, 'accepted_marketing': False, 'digital_badge_issued': False, 'onsite_badge_printed': False}
Row skipped — Email already exists in database | email=nofah.johnson1@example.com | row={'first_name': 'Noah', 'last_name': 'Johnson', 'email': 'nofah.johnson1@example.com', 'mobile_number': '7134370619', 'country': 'Albania', 'nationality': 'Algerian', 'company_name': 'NextGen', 'job_title': 'Engineer', 'ticket_type': 'VISITOR', 'accepted_terms': True, 'accepted_data_sharing': False, 'accepted_marketing': False, 'digital_badge_issued': False, 'onsite_badge_printed': False}
Task exhibitor.tasks.bulk_upload_save_task[2e59afff-1c9a-4026-a0f8-23f86cbf5dc6] succeeded in 0.014225500053726137s: {'created': 0, 'skipped': 2, 'total_valid': 2}
Not Found: /favicon.ico
Not Found: /favicon.ico
Task exhibitor.tasks.bulk_upload_save_task[71149c71-a6ec-4f0b-89ee-119ebcad88f3] succeeded in 0.045945199904963374s: {'created': 1, 'skipped': 0, 'total_valid': 1}
Watching for file changes with StatReloader
Not Found: /favicon.ico
Task exhibitor.tasks.bulk_upload_save_task[d6ba6cec-7ef0-4a82-aec5-aac15559d2c8] succeeded in 2.6647751999553293s: {'created': 1000, 'skipped': 0, 'total_valid': 1000}
Not Found: /favicon.ico
Not Found: /favicon.ico
Not Found: /favicon.ico
Not Found: /.well-known/appspecific/com.chrome.devtools.json
Task exhibitor.tasks.bulk_upload_save_task[b18fbe1c-a7d2-4b84-8440-cc44c10a82ad] succeeded in 2.0482349999947473s: {'created': 1000, 'skipped': 0, 'total_valid': 1000}
Not Found: /.well-known/appspecific/com.chrome.devtools.json
Not Found: /favicon.ico
Not Found: /.well-known/appspecific/com.chrome.devtools.json
Not Found: /favicon.ico
Task exhibitor.tasks.bulk_upload_save_task[e6bc110e-9baa-4b31-b9f9-e0417504e0b2] succeeded in 1.9721134999999776s: {'created': 1000, 'skipped': 0, 'total_valid': 1000}
D:\Django New Projects\event_exhibitor\event_exhibitor\exhibitor\views.py changed, reloading.
Watching for file changes with StatReloader
D:\Django New Projects\event_exhibitor\event_exhibitor\exhibitor\views.py changed, reloading.
Watching for file changes with StatReloader
Not Found: /.well-known/appspecific/com.chrome.devtools.json
Not Found: /favicon.ico
Not Found: /.well-known/appspecific/com.chrome.devtools.json
Not Found: /favicon.ico
Task exhibitor.tasks.bulk_upload_save_task[1ce3f5f6-cdb9-42a2-aa58-bded539622aa] succeeded in 1.6802611000603065s: {'created': 1000, 'skipped': 0, 'total_valid': 1000}
D:\Django New Projects\event_exhibitor\event_exhibitor\event_exhibitor\settings.py changed, reloading.
Watching for file changes with StatReloader
Not Found: /.well-known/appspecific/com.chrome.devtools.json
Not Found: /favicon.ico
Not Found: /.well-known/appspecific/com.chrome.devtools.json
Not Found: /favicon.ico
Watching for file changes with StatReloader
Not Found: /.well-known/appspecific/com.chrome.devtools.json
Not Found: /favicon.ico
Not Found: /.well-known/appspecific/com.chrome.devtools.json
D:\Django New Projects\event_exhibitor\event_exhibitor\event_exhibitor\settings.py changed, reloading.
Watching for file changes with StatReloader
Not Found: /favicon.ico
Not Found: /favicon.ico
Not Found: /favicon.ico
Not Found: /favicon.ico
Not Found: /.well-known/appspecific/com.chrome.devtools.json
Not Found: /.well-known/appspecific/com.chrome.devtools.json
Not Found: /favicon.ico
Not Found: /.well-known/appspecific/com.chrome.devtools.json
Not Found: /.well-known/appspecific/com.chrome.devtools.json
Not Found: /favicon.ico
Not Found: /.well-known/appspecific/com.chrome.devtools.json
Not Found: /favicon.ico
Not Found: /.well-known/appspecific/com.chrome.devtools.json
Not Found: /favicon.ico
Not Found: /.well-known/appspecific/com.chrome.devtools.json
Not Found: /favicon.ico
Not Found: /favicon.ico
Not Found: /favicon.ico
Not Found: /favicon.ico
Not Found: /favicon.ico
Not Found: /favicon.ico
Not Found: /favicon.ico
Not Found: /favicon.ico
Not Found: /favicon.ico
Not Found: /favicon.ico
Not Found: /.well-known/appspecific/com.chrome.devtools.json
Not Found: /.well-known/appspecific/com.chrome.devtools.json
Not Found: /favicon.ico
Not Found: /.well-known/appspecific/com.chrome.devtools.json
Not Found: /.well-known/appspecific/com.chrome.devtools.json
Not Found: /favicon.ico
Not Found: /.well-known/appspecific/com.chrome.devtools.json
Not Found: /.well-known/appspecific/com.chrome.devtools.json
Not Found: /favicon.ico
Not Found: /favicon.ico
Not Found: /.well-known/appspecific/com.chrome.devtools.json
Not Found: /.well-known/appspecific/com.chrome.devtools.json
Not Found: /favicon.ico
Not Found: /.well-known/appspecific/com.chrome.devtools.json
Not Found: /favicon.ico
Not Found: /.well-known/appspecific/com.chrome.devtools.json
Not Found: /favicon.ico
Not Found: /.well-known/appspecific/com.chrome.devtools.json
Bad Request: /badge/create/
Not Found: /.well-known/appspecific/com.chrome.devtools.json
Bad Request: /badge/create/
Not Found: /.well-known/appspecific/com.chrome.devtools.json
Not Found: /.well-known/appspecific/com.chrome.devtools.json
Not Found: /favicon.ico
Not Found: /favicon.ico
Not Found: /favicon.ico
Not Found: /.well-known/appspecific/com.chrome.devtools.json
Not Found: /.well-known/appspecific/com.chrome.devtools.json
Not Found: /.well-known/appspecific/com.chrome.devtools.json
Not Found: /favicon.ico
Not Found: /.well-known/appspecific/com.chrome.devtools.json
Not Found: /favicon.ico
Not Found: /.well-known/appspecific/com.chrome.devtools.json
Not Found: /favicon.ico
Not Found: /.well-known/appspecific/com.chrome.devtools.json
Not Found: /favicon.ico
Not Found: /.well-known/appspecific/com.chrome.devtools.json
Not Found: /favicon.ico
Not Found: /.well-known/appspecific/com.chrome.devtools.json
Not Found: /.well-known/appspecific/com.chrome.devtools.json
Not Found: /favicon.ico
Not Found: /.well-known/appspecific/com.chrome.devtools.json
Not Found: /favicon.ico
Not Found: /.well-known/appspecific/com.chrome.devtools.json
Not Found: /favicon.ico
Not Found: /.well-known/appspecific/com.chrome.devtools.json
Not Found: /favicon.ico
Not Found: /.well-known/appspecific/com.chrome.devtools.json
Not Found: /favicon.ico
Not Found: /.well-known/appspecific/com.chrome.devtools.json
Not Found: /favicon.ico
Not Found: /.well-known/appspecific/com.chrome.devtools.json
Not Found: /favicon.ico
Not Found: /.well-known/appspecific/com.chrome.devtools.json
Not Found: /favicon.ico
Not Found: /.well-known/appspecific/com.chrome.devtools.json
Not Found: /favicon.ico
Not Found: /favicon.ico
Not Found: /favicon.ico
Not Found: /favicon.ico
Not Found: /.well-known/appspecific/com.chrome.devtools.json
Not Found: /.well-known/appspecific/com.chrome.devtools.json
Not Found: /favicon.ico
Not Found: /.well-known/appspecific/com.chrome.devtools.json
Not Found: /favicon.ico
Not Found: /favicon.ico
Not Found: /favicon.ico
D:\Django New Projects\event_exhibitor\event_exhibitor\exhibitor\views.py changed, reloading.
Watching for file changes with StatReloader
D:\Django New Projects\event_exhibitor\event_exhibitor\exhibitor\views.py changed, reloading.
Watching for file changes with StatReloader
D:\Django New Projects\event_exhibitor\event_exhibitor\exhibitor\views.py changed, reloading.
Watching for file changes with StatReloader
Not Found: /favicon.ico
D:\Django New Projects\event_exhibitor\event_exhibitor\exhibitor\views.py changed, reloading.
Watching for file changes with StatReloader
D:\Django New Projects\event_exhibitor\event_exhibitor\exhibitor\views.py changed, reloading.
Watching for file changes with StatReloader
D:\Django New Projects\event_exhibitor\event_exhibitor\exhibitor\views.py changed, reloading.
Watching for file changes with StatReloader
Not Found: /favicon.ico
D:\Django New Projects\event_exhibitor\event_exhibitor\exhibitor\tasks.py changed, reloading.
Watching for file changes with StatReloader
D:\Django New Projects\event_exhibitor\event_exhibitor\exhibitor\tasks.py changed, reloading.
Watching for file changes with StatReloader
D:\Django New Projects\event_exhibitor\event_exhibitor\exhibitor\tasks.py changed, reloading.
Watching for file changes with StatReloader
Not Found: /favicon.ico
Not Found: /favicon.ico
Not Found: /.well-known/appspecific/com.chrome.devtools.json
Not Found: /.well-known/appspecific/com.chrome.devtools.json
D:\Django New Projects\event_exhibitor\event_exhibitor\exhibitor\tasks.py changed, reloading.
Watching for file changes with StatReloader
D:\Django New Projects\event_exhibitor\event_exhibitor\exhibitor\tasks.py changed, reloading.
Watching for file changes with StatReloader
D:\Django New Projects\event_exhibitor\event_exhibitor\exhibitor\tasks.py changed, reloading.
Watching for file changes with StatReloader
D:\Django New Projects\event_exhibitor\event_exhibitor\exhibitor\tasks.py changed, reloading.
Watching for file changes with StatReloader
Watching for file changes with StatReloader
Not Found: /.well-known/appspecific/com.chrome.devtools.json
Not Found: /favicon.ico
Not Found: /.well-known/appspecific/com.chrome.devtools.json
Not Found: /.well-known/appspecific/com.chrome.devtools.json
Not Found: /.well-known/appspecific/com.chrome.devtools.json
Not Found: /favicon.ico
D:\Django New Projects\event_exhibitor\event_exhibitor\event_exhibitor\settings.py changed, reloading.
Watching for file changes with StatReloader
Watching for file changes with StatReloader
Not Found: /favicon.ico
Not Found: /favicon.ico
Not Found: /favicon.ico
